#
# There is insufficient memory for the Java Runtime Environment to continue.
# Native memory allocation (mmap) failed to map 65536 bytes for Failed to commit metaspace.
# Possible reasons:
#   The system is out of physical RAM or swap space
#   The process is running with CompressedOops enabled, and the Java Heap may be blocking the growth of the native heap
# Possible solutions:
#   Reduce memory load on the system
#   Increase physical memory or swap space
#   Check if swap backing store is full
#   Decrease Java heap size (-Xmx/-Xms)
#   Decrease number of Java threads
#   Decrease Java thread stack sizes (-Xss)
#   Set larger code cache with -XX:ReservedCodeCacheSize=
#   JVM is running with Unscaled Compressed Oops mode in which the Java heap is
#     placed in the first 4GB address space. The Java Heap base address is the
#     maximum limit for the native heap growth. Please use -XX:HeapBaseMinAddress
#     to set the Java Heap base and to place the Java Heap above 4GB virtual address.
# This output file may be truncated or incomplete.
#
#  Out of Memory Error (virtualSpaceNode.cpp:110), pid=497176, tid=497212
#
# JRE version: Java(TM) SE Runtime Environment (17.0.8+9) (build 17.0.8+9-LTS-211)
# Java VM: Java HotSpot(TM) 64-Bit Server VM (17.0.8+9-LTS-211, mixed mode, sharing, tiered, compressed oops, compressed class ptrs, g1 gc, windows-amd64)
# No core dump will be written. Minidumps are not enabled by default on client versions of Windows
#

---------------  S U M M A R Y ------------

Command Line: -Dfile.encoding=UTF-8 -XX:+ShowCodeDetailsInExceptionMessages selenium_use.Setsize

Host: Intel(R) Core(TM) i5-5300U CPU @ 2.30GHz, 4 cores, 7G,  Windows 10 , 64 bit Build 19041 (10.0.19041.3155)
Time: Wed Feb 28 12:15:19 2024 India Standard Time elapsed time: 14.137037 seconds (0d 0h 0m 14s)

---------------  T H R E A D  ---------------

Current thread (0x0000026a15debcf0):  JavaThread "main" [_thread_in_vm, id=497212, stack(0x000000fc84800000,0x000000fc84900000)]

Stack: [0x000000fc84800000,0x000000fc84900000]
Native frames: (J=compiled Java code, j=interpreted, Vv=VM code, C=native code)
V  [jvm.dll+0x677d0a]
V  [jvm.dll+0x7d8c54]
V  [jvm.dll+0x7da3fe]
V  [jvm.dll+0x7daa63]
V  [jvm.dll+0x245c5f]
V  [jvm.dll+0x7d4d5b]
V  [jvm.dll+0x61dcf6]
V  [jvm.dll+0x1c0127]
V  [jvm.dll+0x620650]
V  [jvm.dll+0x61e6b6]
V  [jvm.dll+0x23a29f]
V  [jvm.dll+0x628445]
V  [jvm.dll+0x1e9bdd]
V  [jvm.dll+0x1ea1a5]
V  [jvm.dll+0x1eaaeb]
V  [jvm.dll+0x1e02f1]
V  [jvm.dll+0x53ddbc]
V  [jvm.dll+0x753768]
V  [jvm.dll+0x753854]
V  [jvm.dll+0x40ba4f]
V  [jvm.dll+0x411a69]
C  [java.dll+0x17ec]

Java frames: (J=compiled Java code, j=interpreted, Vv=VM code)
J 973  java.lang.ClassLoader.defineClass1(Ljava/lang/ClassLoader;Ljava/lang/String;[BIILjava/security/ProtectionDomain;Ljava/lang/String;)Ljava/lang/Class; java.base@17.0.8 (0 bytes) @ 0x0000026a2696b4e3 [0x0000026a2696b420+0x00000000000000c3]
J 1160 c1 java.lang.ClassLoader.defineClass(Ljava/lang/String;[BIILjava/security/ProtectionDomain;)Ljava/lang/Class; java.base@17.0.8 (43 bytes) @ 0x0000026a1f0851d4 [0x0000026a1f084e80+0x0000000000000354]
J 980 c1 java.security.SecureClassLoader.defineClass(Ljava/lang/String;[BIILjava/security/CodeSource;)Ljava/lang/Class; java.base@17.0.8 (16 bytes) @ 0x0000026a1f028f0c [0x0000026a1f028e40+0x00000000000000cc]
J 983 c1 jdk.internal.loader.BuiltinClassLoader.defineClass(Ljava/lang/String;Ljdk/internal/loader/Resource;)Ljava/lang/Class; java.base@17.0.8 (121 bytes) @ 0x0000026a1f02dbe4 [0x0000026a1f02cc80+0x0000000000000f64]
J 915 c1 jdk.internal.loader.BuiltinClassLoader.findClassOnClassPathOrNull(Ljava/lang/String;)Ljava/lang/Class; java.base@17.0.8 (64 bytes) @ 0x0000026a1f002b5c [0x0000026a1f001ae0+0x000000000000107c]
J 630 c1 jdk.internal.loader.BuiltinClassLoader.loadClassOrNull(Ljava/lang/String;Z)Ljava/lang/Class; java.base@17.0.8 (143 bytes) @ 0x0000026a1ef64f4c [0x0000026a1ef64040+0x0000000000000f0c]
J 788 c1 jdk.internal.loader.ClassLoaders$AppClassLoader.loadClass(Ljava/lang/String;Z)Ljava/lang/Class; java.base@17.0.8 (40 bytes) @ 0x0000026a1efbf804 [0x0000026a1efbf1e0+0x0000000000000624]
J 769 c1 java.lang.ClassLoader.loadClass(Ljava/lang/String;)Ljava/lang/Class; java.base@17.0.8 (7 bytes) @ 0x0000026a1efac54c [0x0000026a1efac440+0x000000000000010c]
v  ~StubRoutines::call_stub
J 973  java.lang.ClassLoader.defineClass1(Ljava/lang/ClassLoader;Ljava/lang/String;[BIILjava/security/ProtectionDomain;Ljava/lang/String;)Ljava/lang/Class; java.base@17.0.8 (0 bytes) @ 0x0000026a2696b4e3 [0x0000026a2696b420+0x00000000000000c3]
J 1160 c1 java.lang.ClassLoader.defineClass(Ljava/lang/String;[BIILjava/security/ProtectionDomain;)Ljava/lang/Class; java.base@17.0.8 (43 bytes) @ 0x0000026a1f0851d4 [0x0000026a1f084e80+0x0000000000000354]
J 980 c1 java.security.SecureClassLoader.defineClass(Ljava/lang/String;[BIILjava/security/CodeSource;)Ljava/lang/Class; java.base@17.0.8 (16 bytes) @ 0x0000026a1f028f0c [0x0000026a1f028e40+0x00000000000000cc]
J 983 c1 jdk.internal.loader.BuiltinClassLoader.defineClass(Ljava/lang/String;Ljdk/internal/loader/Resource;)Ljava/lang/Class; java.base@17.0.8 (121 bytes) @ 0x0000026a1f02dbe4 [0x0000026a1f02cc80+0x0000000000000f64]
J 915 c1 jdk.internal.loader.BuiltinClassLoader.findClassOnClassPathOrNull(Ljava/lang/String;)Ljava/lang/Class; java.base@17.0.8 (64 bytes) @ 0x0000026a1f002b5c [0x0000026a1f001ae0+0x000000000000107c]
J 630 c1 jdk.internal.loader.BuiltinClassLoader.loadClassOrNull(Ljava/lang/String;Z)Ljava/lang/Class; java.base@17.0.8 (143 bytes) @ 0x0000026a1ef64f4c [0x0000026a1ef64040+0x0000000000000f0c]
J 788 c1 jdk.internal.loader.ClassLoaders$AppClassLoader.loadClass(Ljava/lang/String;Z)Ljava/lang/Class; java.base@17.0.8 (40 bytes) @ 0x0000026a1efbf804 [0x0000026a1efbf1e0+0x0000000000000624]
J 769 c1 java.lang.ClassLoader.loadClass(Ljava/lang/String;)Ljava/lang/Class; java.base@17.0.8 (7 bytes) @ 0x0000026a1efac54c [0x0000026a1efac440+0x000000000000010c]
v  ~StubRoutines::call_stub
j  io.netty.buffer.PooledByteBufAllocator.newArenaArray(I)[Lio/netty/buffer/PoolArena;+1
j  io.netty.buffer.PooledByteBufAllocator.<init>(ZIIIIIIZI)V+188
j  io.netty.buffer.PooledByteBufAllocator.<init>(ZIIIIIII)V+18
j  io.netty.buffer.PooledByteBufAllocator.<init>(ZIIII)V+15
j  io.netty.buffer.PooledByteBufAllocator.<init>(Z)V+14
j  io.netty.buffer.PooledByteBufAllocator.<clinit>()V+579
v  ~StubRoutines::call_stub
j  io.netty.buffer.ByteBufUtil.<clinit>()V+113
v  ~StubRoutines::call_stub
j  io.netty.buffer.ByteBufAllocator.<clinit>()V+0
v  ~StubRoutines::call_stub
j  org.asynchttpclient.netty.channel.ChannelManager.newBootstrap(Lio/netty/channel/ChannelFactory;Lio/netty/channel/EventLoopGroup;Lorg/asynchttpclient/AsyncHttpClientConfig;)Lio/netty/bootstrap/Bootstrap;+42
j  org.asynchttpclient.netty.channel.ChannelManager.<init>(Lorg/asynchttpclient/AsyncHttpClientConfig;Lio/netty/util/Timer;)V+352
j  org.asynchttpclient.DefaultAsyncHttpClient.<init>(Lorg/asynchttpclient/AsyncHttpClientConfig;)V+89
j  org.asynchttpclient.Dsl.asyncHttpClient(Lorg/asynchttpclient/DefaultAsyncHttpClientConfig$Builder;)Lorg/asynchttpclient/AsyncHttpClient;+8
j  org.openqa.selenium.remote.http.netty.NettyClient.createHttpClient(Lorg/openqa/selenium/remote/http/ClientConfig;)Lorg/asynchttpclient/AsyncHttpClient;+106
j  org.openqa.selenium.remote.http.netty.NettyClient.<clinit>()V+3
v  ~StubRoutines::call_stub
j  org.openqa.selenium.remote.http.netty.NettyClient$Factory.createClient(Lorg/openqa/selenium/remote/http/ClientConfig;)Lorg/openqa/selenium/remote/http/HttpClient;+38
j  org.openqa.selenium.remote.HttpCommandExecutor.<init>(Ljava/util/Map;Lorg/openqa/selenium/remote/http/ClientConfig;Lorg/openqa/selenium/remote/http/HttpClient$Factory;)V+59
j  org.openqa.selenium.remote.HttpCommandExecutor.<init>(Ljava/util/Map;Ljava/net/URL;Lorg/openqa/selenium/remote/http/ClientConfig;)V+18
j  org.openqa.selenium.remote.service.DriverCommandExecutor.<init>(Lorg/openqa/selenium/remote/service/DriverService;Ljava/util/Map;Lorg/openqa/selenium/remote/http/ClientConfig;)V+11
j  org.openqa.selenium.chromium.ChromiumDriverCommandExecutor.<init>(Lorg/openqa/selenium/remote/service/DriverService;Ljava/util/Map;Lorg/openqa/selenium/remote/http/ClientConfig;)V+7
j  org.openqa.selenium.chrome.ChromeDriver$ChromeDriverCommandExecutor.<init>(Lorg/openqa/selenium/remote/service/DriverService;Lorg/openqa/selenium/remote/http/ClientConfig;)V+6
j  org.openqa.selenium.chrome.ChromeDriver.generateExecutor(Lorg/openqa/selenium/chrome/ChromeDriverService;Lorg/openqa/selenium/chrome/ChromeOptions;Lorg/openqa/selenium/remote/http/ClientConfig;)Lorg/openqa/selenium/chrome/ChromeDriver$ChromeDriverCommandExecutor;+64
j  org.openqa.selenium.chrome.ChromeDriver.<init>(Lorg/openqa/selenium/chrome/ChromeDriverService;Lorg/openqa/selenium/chrome/ChromeOptions;Lorg/openqa/selenium/remote/http/ClientConfig;)V+4
j  org.openqa.selenium.chrome.ChromeDriver.<init>(Lorg/openqa/selenium/chrome/ChromeDriverService;Lorg/openqa/selenium/chrome/ChromeOptions;)V+6
j  org.openqa.selenium.chrome.ChromeDriver.<init>()V+11
j  selenium_use.Setsize.main([Ljava/lang/String;)V+4
v  ~StubRoutines::call_stub

---------------  P R O C E S S  ---------------

Threads class SMR info:
_java_thread_list=0x0000026a7b60a970, length=14, elements={
0x0000026a15debcf0, 0x0000026a35573170, 0x0000026a35574ee0, 0x0000026a355830e0,
0x0000026a35583ba0, 0x0000026a35586470, 0x0000026a3558a230, 0x0000026a3558aed0,
0x0000026a355eafb0, 0x0000026a35718070, 0x0000026a358f8280, 0x0000026a35910820,
0x0000026a7b450a50, 0x0000026a7b56a020
}

Java Threads: ( => current thread )
=>0x0000026a15debcf0 JavaThread "main" [_thread_in_vm, id=497212, stack(0x000000fc84800000,0x000000fc84900000)]
  0x0000026a35573170 JavaThread "Reference Handler" daemon [_thread_blocked, id=497248, stack(0x000000fc84f00000,0x000000fc85000000)]
  0x0000026a35574ee0 JavaThread "Finalizer" daemon [_thread_blocked, id=497252, stack(0x000000fc85000000,0x000000fc85100000)]
  0x0000026a355830e0 JavaThread "Signal Dispatcher" daemon [_thread_blocked, id=497256, stack(0x000000fc85100000,0x000000fc85200000)]
  0x0000026a35583ba0 JavaThread "Attach Listener" daemon [_thread_blocked, id=497260, stack(0x000000fc85200000,0x000000fc85300000)]
  0x0000026a35586470 JavaThread "Service Thread" daemon [_thread_blocked, id=497264, stack(0x000000fc85300000,0x000000fc85400000)]
  0x0000026a3558a230 JavaThread "Monitor Deflation Thread" daemon [_thread_blocked, id=497268, stack(0x000000fc85400000,0x000000fc85500000)]
  0x0000026a3558aed0 JavaThread "C2 CompilerThread0" daemon [_thread_blocked, id=497272, stack(0x000000fc85500000,0x000000fc85600000)]
  0x0000026a355eafb0 JavaThread "C1 CompilerThread0" daemon [_thread_blocked, id=497276, stack(0x000000fc85600000,0x000000fc85700000)]
  0x0000026a35718070 JavaThread "Sweeper thread" daemon [_thread_blocked, id=497280, stack(0x000000fc85700000,0x000000fc85800000)]
  0x0000026a358f8280 JavaThread "Notification Thread" daemon [_thread_blocked, id=497284, stack(0x000000fc85800000,0x000000fc85900000)]
  0x0000026a35910820 JavaThread "Common-Cleaner" daemon [_thread_blocked, id=497296, stack(0x000000fc85a00000,0x000000fc85b00000)]
  0x0000026a7b450a50 JavaThread "ForkJoinPool.commonPool-worker-1" daemon [_thread_blocked, id=496888, stack(0x000000fc85e00000,0x000000fc85f00000)]
  0x0000026a7b56a020 JavaThread "AsyncHttpClient-1-1" daemon [_thread_blocked, id=497076, stack(0x000000fc85f00000,0x000000fc86000000)]

Other Threads:
  0x0000026a35568980 VMThread "VM Thread" [stack: 0x000000fc84e00000,0x000000fc84f00000] [id=497244]
  0x0000026a358f8750 WatcherThread [stack: 0x000000fc85900000,0x000000fc85a00000] [id=497292]
  0x0000026a15e47a80 GCTaskThread "GC Thread#0" [stack: 0x000000fc84900000,0x000000fc84a00000] [id=497220]
  0x0000026a7b6c5480 GCTaskThread "GC Thread#1" [stack: 0x000000fc85b00000,0x000000fc85c00000] [id=497372]
  0x0000026a7ba272a0 GCTaskThread "GC Thread#2" [stack: 0x000000fc85c00000,0x000000fc85d00000] [id=497376]
  0x0000026a7b797050 GCTaskThread "GC Thread#3" [stack: 0x000000fc85d00000,0x000000fc85e00000] [id=497380]
  0x0000026a15e59520 ConcurrentGCThread "G1 Main Marker" [stack: 0x000000fc84a00000,0x000000fc84b00000] [id=497224]
  0x0000026a15e5a5e0 ConcurrentGCThread "G1 Conc#0" [stack: 0x000000fc84b00000,0x000000fc84c00000] [id=497228]
  0x0000026a15eb0100 ConcurrentGCThread "G1 Refine#0" [stack: 0x000000fc84c00000,0x000000fc84d00000] [id=497232]
  0x0000026a15eb1a40 ConcurrentGCThread "G1 Service" [stack: 0x000000fc84d00000,0x000000fc84e00000] [id=497240]

Threads with active compile tasks:

VM state: not at safepoint (normal execution)

VM Mutex/Monitor currently owned by a thread:  ([mutex/lock_event])
[0x0000026a15de5a90] Metaspace_lock - owner thread: 0x0000026a15debcf0

Heap address: 0x0000000081e00000, size: 2018 MB, Compressed Oops mode: 32-bit

CDS archive(s) mapped at: [0x0000026a36000000-0x0000026a36bd0000-0x0000026a36bd0000), size 12386304, SharedBaseAddress: 0x0000026a36000000, ArchiveRelocationMode: 1.
Compressed class space mapped at: 0x0000026a37000000-0x0000026a77000000, reserved size: 1073741824
Narrow klass base: 0x0000026a36000000, Narrow klass shift: 0, Narrow klass range: 0x100000000

GC Precious Log:
 CPUs: 4 total, 4 available
 Memory: 8067M
 Large Page Support: Disabled
 NUMA Support: Disabled
 Compressed Oops: Enabled (32-bit)
 Heap Region Size: 1M
 Heap Min Capacity: 8M
 Heap Initial Capacity: 128M
 Heap Max Capacity: 2018M
 Pre-touch: Disabled
 Parallel Workers: 4
 Concurrent Workers: 1
 Concurrent Refinement Workers: 4
 Periodic GC: Disabled

Heap:
 garbage-first heap   total 131072K, used 26144K [0x0000000081e00000, 0x0000000100000000)
  region size 1024K, 16 young (16384K), 1 survivors (1024K)
 Metaspace       used 12090K, committed 12288K, reserved 1114112K
  class space    used 1421K, committed 1536K, reserved 1048576K

Heap Regions: E=young(eden), S=young(survivor), O=old, HS=humongous(starts), HC=humongous(continues), CS=collection set, F=free, OA=open archive, CA=closed archive, TAMS=top-at-mark-start (previous, next)
|   0|0x0000000081e00000, 0x0000000081f00000, 0x0000000081f00000|100%| O|  |TAMS 0x0000000081e00000, 0x0000000081e00000| Untracked 
|   1|0x0000000081f00000, 0x0000000082000000, 0x0000000082000000|100%|HS|  |TAMS 0x0000000081f00000, 0x0000000081f00000| Complete 
|   2|0x0000000082000000, 0x0000000082100000, 0x0000000082100000|100%|HS|  |TAMS 0x0000000082000000, 0x0000000082000000| Complete 
|   3|0x0000000082100000, 0x0000000082200000, 0x0000000082200000|100%|HC|  |TAMS 0x0000000082100000, 0x0000000082100000| Complete 
|   4|0x0000000082200000, 0x0000000082300000, 0x0000000082300000|100%| O|  |TAMS 0x0000000082200000, 0x0000000082200000| Untracked 
|   5|0x0000000082300000, 0x0000000082400000, 0x0000000082400000|100%| O|  |TAMS 0x0000000082300000, 0x0000000082300000| Untracked 
|   6|0x0000000082400000, 0x0000000082500000, 0x0000000082500000|100%| O|  |TAMS 0x0000000082400000, 0x0000000082400000| Untracked 
|   7|0x0000000082500000, 0x0000000082600000, 0x0000000082600000|100%| O|  |TAMS 0x0000000082500000, 0x0000000082500000| Untracked 
|   8|0x0000000082600000, 0x0000000082700000, 0x0000000082700000|100%| O|  |TAMS 0x0000000082600000, 0x0000000082600000| Untracked 
|   9|0x0000000082700000, 0x00000000827ffff8, 0x0000000082800000| 99%| O|  |TAMS 0x0000000082700000, 0x0000000082700000| Untracked 
|  10|0x0000000082800000, 0x00000000828c1e00, 0x0000000082900000| 75%| O|  |TAMS 0x0000000082800000, 0x0000000082800000| Untracked 
|  11|0x0000000082900000, 0x0000000082900000, 0x0000000082a00000|  0%| F|  |TAMS 0x0000000082900000, 0x0000000082900000| Untracked 
|  12|0x0000000082a00000, 0x0000000082a00000, 0x0000000082b00000|  0%| F|  |TAMS 0x0000000082a00000, 0x0000000082a00000| Untracked 
|  13|0x0000000082b00000, 0x0000000082b00000, 0x0000000082c00000|  0%| F|  |TAMS 0x0000000082b00000, 0x0000000082b00000| Untracked 
|  14|0x0000000082c00000, 0x0000000082c00000, 0x0000000082d00000|  0%| F|  |TAMS 0x0000000082c00000, 0x0000000082c00000| Untracked 
|  15|0x0000000082d00000, 0x0000000082d00000, 0x0000000082e00000|  0%| F|  |TAMS 0x0000000082d00000, 0x0000000082d00000| Untracked 
|  16|0x0000000082e00000, 0x0000000082e00000, 0x0000000082f00000|  0%| F|  |TAMS 0x0000000082e00000, 0x0000000082e00000| Untracked 
|  17|0x0000000082f00000, 0x0000000082f00000, 0x0000000083000000|  0%| F|  |TAMS 0x0000000082f00000, 0x0000000082f00000| Untracked 
|  18|0x0000000083000000, 0x0000000083000000, 0x0000000083100000|  0%| F|  |TAMS 0x0000000083000000, 0x0000000083000000| Untracked 
|  19|0x0000000083100000, 0x0000000083100000, 0x0000000083200000|  0%| F|  |TAMS 0x0000000083100000, 0x0000000083100000| Untracked 
|  20|0x0000000083200000, 0x0000000083200000, 0x0000000083300000|  0%| F|  |TAMS 0x0000000083200000, 0x0000000083200000| Untracked 
|  21|0x0000000083300000, 0x0000000083300000, 0x0000000083400000|  0%| F|  |TAMS 0x0000000083300000, 0x0000000083300000| Untracked 
|  22|0x0000000083400000, 0x0000000083400000, 0x0000000083500000|  0%| F|  |TAMS 0x0000000083400000, 0x0000000083400000| Untracked 
|  23|0x0000000083500000, 0x0000000083500000, 0x0000000083600000|  0%| F|  |TAMS 0x0000000083500000, 0x0000000083500000| Untracked 
|  24|0x0000000083600000, 0x0000000083600000, 0x0000000083700000|  0%| F|  |TAMS 0x0000000083600000, 0x0000000083600000| Untracked 
|  25|0x0000000083700000, 0x0000000083700000, 0x0000000083800000|  0%| F|  |TAMS 0x0000000083700000, 0x0000000083700000| Untracked 
|  26|0x0000000083800000, 0x0000000083800000, 0x0000000083900000|  0%| F|  |TAMS 0x0000000083800000, 0x0000000083800000| Untracked 
|  27|0x0000000083900000, 0x0000000083900000, 0x0000000083a00000|  0%| F|  |TAMS 0x0000000083900000, 0x0000000083900000| Untracked 
|  28|0x0000000083a00000, 0x0000000083a00000, 0x0000000083b00000|  0%| F|  |TAMS 0x0000000083a00000, 0x0000000083a00000| Untracked 
|  29|0x0000000083b00000, 0x0000000083b00000, 0x0000000083c00000|  0%| F|  |TAMS 0x0000000083b00000, 0x0000000083b00000| Untracked 
|  30|0x0000000083c00000, 0x0000000083c00000, 0x0000000083d00000|  0%| F|  |TAMS 0x0000000083c00000, 0x0000000083c00000| Untracked 
|  31|0x0000000083d00000, 0x0000000083d00000, 0x0000000083e00000|  0%| F|  |TAMS 0x0000000083d00000, 0x0000000083d00000| Untracked 
|  32|0x0000000083e00000, 0x0000000083e00000, 0x0000000083f00000|  0%| F|  |TAMS 0x0000000083e00000, 0x0000000083e00000| Untracked 
|  33|0x0000000083f00000, 0x0000000083f00000, 0x0000000084000000|  0%| F|  |TAMS 0x0000000083f00000, 0x0000000083f00000| Untracked 
|  34|0x0000000084000000, 0x0000000084000000, 0x0000000084100000|  0%| F|  |TAMS 0x0000000084000000, 0x0000000084000000| Untracked 
|  35|0x0000000084100000, 0x0000000084100000, 0x0000000084200000|  0%| F|  |TAMS 0x0000000084100000, 0x0000000084100000| Untracked 
|  36|0x0000000084200000, 0x0000000084200000, 0x0000000084300000|  0%| F|  |TAMS 0x0000000084200000, 0x0000000084200000| Untracked 
|  37|0x0000000084300000, 0x0000000084300000, 0x0000000084400000|  0%| F|  |TAMS 0x0000000084300000, 0x0000000084300000| Untracked 
|  38|0x0000000084400000, 0x0000000084400000, 0x0000000084500000|  0%| F|  |TAMS 0x0000000084400000, 0x0000000084400000| Untracked 
|  39|0x0000000084500000, 0x0000000084500000, 0x0000000084600000|  0%| F|  |TAMS 0x0000000084500000, 0x0000000084500000| Untracked 
|  40|0x0000000084600000, 0x0000000084600000, 0x0000000084700000|  0%| F|  |TAMS 0x0000000084600000, 0x0000000084600000| Untracked 
|  41|0x0000000084700000, 0x0000000084700000, 0x0000000084800000|  0%| F|  |TAMS 0x0000000084700000, 0x0000000084700000| Untracked 
|  42|0x0000000084800000, 0x0000000084800000, 0x0000000084900000|  0%| F|  |TAMS 0x0000000084800000, 0x0000000084800000| Untracked 
|  43|0x0000000084900000, 0x0000000084900000, 0x0000000084a00000|  0%| F|  |TAMS 0x0000000084900000, 0x0000000084900000| Untracked 
|  44|0x0000000084a00000, 0x0000000084a00000, 0x0000000084b00000|  0%| F|  |TAMS 0x0000000084a00000, 0x0000000084a00000| Untracked 
|  45|0x0000000084b00000, 0x0000000084b00000, 0x0000000084c00000|  0%| F|  |TAMS 0x0000000084b00000, 0x0000000084b00000| Untracked 
|  46|0x0000000084c00000, 0x0000000084c00000, 0x0000000084d00000|  0%| F|  |TAMS 0x0000000084c00000, 0x0000000084c00000| Untracked 
|  47|0x0000000084d00000, 0x0000000084d00000, 0x0000000084e00000|  0%| F|  |TAMS 0x0000000084d00000, 0x0000000084d00000| Untracked 
|  48|0x0000000084e00000, 0x0000000084e00000, 0x0000000084f00000|  0%| F|  |TAMS 0x0000000084e00000, 0x0000000084e00000| Untracked 
|  49|0x0000000084f00000, 0x0000000084f00000, 0x0000000085000000|  0%| F|  |TAMS 0x0000000084f00000, 0x0000000084f00000| Untracked 
|  50|0x0000000085000000, 0x0000000085000000, 0x0000000085100000|  0%| F|  |TAMS 0x0000000085000000, 0x0000000085000000| Untracked 
|  51|0x0000000085100000, 0x0000000085100000, 0x0000000085200000|  0%| F|  |TAMS 0x0000000085100000, 0x0000000085100000| Untracked 
|  52|0x0000000085200000, 0x0000000085200000, 0x0000000085300000|  0%| F|  |TAMS 0x0000000085200000, 0x0000000085200000| Untracked 
|  53|0x0000000085300000, 0x0000000085300000, 0x0000000085400000|  0%| F|  |TAMS 0x0000000085300000, 0x0000000085300000| Untracked 
|  54|0x0000000085400000, 0x0000000085400000, 0x0000000085500000|  0%| F|  |TAMS 0x0000000085400000, 0x0000000085400000| Untracked 
|  55|0x0000000085500000, 0x0000000085500000, 0x0000000085600000|  0%| F|  |TAMS 0x0000000085500000, 0x0000000085500000| Untracked 
|  56|0x0000000085600000, 0x0000000085600000, 0x0000000085700000|  0%| F|  |TAMS 0x0000000085600000, 0x0000000085600000| Untracked 
|  57|0x0000000085700000, 0x0000000085700000, 0x0000000085800000|  0%| F|  |TAMS 0x0000000085700000, 0x0000000085700000| Untracked 
|  58|0x0000000085800000, 0x0000000085800000, 0x0000000085900000|  0%| F|  |TAMS 0x0000000085800000, 0x0000000085800000| Untracked 
|  59|0x0000000085900000, 0x0000000085900000, 0x0000000085a00000|  0%| F|  |TAMS 0x0000000085900000, 0x0000000085900000| Untracked 
|  60|0x0000000085a00000, 0x0000000085a00000, 0x0000000085b00000|  0%| F|  |TAMS 0x0000000085a00000, 0x0000000085a00000| Untracked 
|  61|0x0000000085b00000, 0x0000000085b00000, 0x0000000085c00000|  0%| F|  |TAMS 0x0000000085b00000, 0x0000000085b00000| Untracked 
|  62|0x0000000085c00000, 0x0000000085c00000, 0x0000000085d00000|  0%| F|  |TAMS 0x0000000085c00000, 0x0000000085c00000| Untracked 
|  63|0x0000000085d00000, 0x0000000085d00000, 0x0000000085e00000|  0%| F|  |TAMS 0x0000000085d00000, 0x0000000085d00000| Untracked 
|  64|0x0000000085e00000, 0x0000000085e00000, 0x0000000085f00000|  0%| F|  |TAMS 0x0000000085e00000, 0x0000000085e00000| Untracked 
|  65|0x0000000085f00000, 0x0000000085f00000, 0x0000000086000000|  0%| F|  |TAMS 0x0000000085f00000, 0x0000000085f00000| Untracked 
|  66|0x0000000086000000, 0x0000000086000000, 0x0000000086100000|  0%| F|  |TAMS 0x0000000086000000, 0x0000000086000000| Untracked 
|  67|0x0000000086100000, 0x0000000086100000, 0x0000000086200000|  0%| F|  |TAMS 0x0000000086100000, 0x0000000086100000| Untracked 
|  68|0x0000000086200000, 0x0000000086200000, 0x0000000086300000|  0%| F|  |TAMS 0x0000000086200000, 0x0000000086200000| Untracked 
|  69|0x0000000086300000, 0x0000000086300000, 0x0000000086400000|  0%| F|  |TAMS 0x0000000086300000, 0x0000000086300000| Untracked 
|  70|0x0000000086400000, 0x0000000086400000, 0x0000000086500000|  0%| F|  |TAMS 0x0000000086400000, 0x0000000086400000| Untracked 
|  71|0x0000000086500000, 0x0000000086500000, 0x0000000086600000|  0%| F|  |TAMS 0x0000000086500000, 0x0000000086500000| Untracked 
|  72|0x0000000086600000, 0x0000000086600000, 0x0000000086700000|  0%| F|  |TAMS 0x0000000086600000, 0x0000000086600000| Untracked 
|  73|0x0000000086700000, 0x0000000086700000, 0x0000000086800000|  0%| F|  |TAMS 0x0000000086700000, 0x0000000086700000| Untracked 
|  74|0x0000000086800000, 0x0000000086800000, 0x0000000086900000|  0%| F|  |TAMS 0x0000000086800000, 0x0000000086800000| Untracked 
|  75|0x0000000086900000, 0x0000000086900000, 0x0000000086a00000|  0%| F|  |TAMS 0x0000000086900000, 0x0000000086900000| Untracked 
|  76|0x0000000086a00000, 0x0000000086a00000, 0x0000000086b00000|  0%| F|  |TAMS 0x0000000086a00000, 0x0000000086a00000| Untracked 
|  77|0x0000000086b00000, 0x0000000086b00000, 0x0000000086c00000|  0%| F|  |TAMS 0x0000000086b00000, 0x0000000086b00000| Untracked 
|  78|0x0000000086c00000, 0x0000000086c00000, 0x0000000086d00000|  0%| F|  |TAMS 0x0000000086c00000, 0x0000000086c00000| Untracked 
|  79|0x0000000086d00000, 0x0000000086d00000, 0x0000000086e00000|  0%| F|  |TAMS 0x0000000086d00000, 0x0000000086d00000| Untracked 
|  80|0x0000000086e00000, 0x0000000086e00000, 0x0000000086f00000|  0%| F|  |TAMS 0x0000000086e00000, 0x0000000086e00000| Untracked 
|  81|0x0000000086f00000, 0x0000000086f00000, 0x0000000087000000|  0%| F|  |TAMS 0x0000000086f00000, 0x0000000086f00000| Untracked 
|  82|0x0000000087000000, 0x0000000087000000, 0x0000000087100000|  0%| F|  |TAMS 0x0000000087000000, 0x0000000087000000| Untracked 
|  83|0x0000000087100000, 0x0000000087100000, 0x0000000087200000|  0%| F|  |TAMS 0x0000000087100000, 0x0000000087100000| Untracked 
|  84|0x0000000087200000, 0x0000000087200000, 0x0000000087300000|  0%| F|  |TAMS 0x0000000087200000, 0x0000000087200000| Untracked 
|  85|0x0000000087300000, 0x0000000087300000, 0x0000000087400000|  0%| F|  |TAMS 0x0000000087300000, 0x0000000087300000| Untracked 
|  86|0x0000000087400000, 0x0000000087400000, 0x0000000087500000|  0%| F|  |TAMS 0x0000000087400000, 0x0000000087400000| Untracked 
|  87|0x0000000087500000, 0x0000000087500000, 0x0000000087600000|  0%| F|  |TAMS 0x0000000087500000, 0x0000000087500000| Untracked 
|  88|0x0000000087600000, 0x0000000087600000, 0x0000000087700000|  0%| F|  |TAMS 0x0000000087600000, 0x0000000087600000| Untracked 
|  89|0x0000000087700000, 0x0000000087700000, 0x0000000087800000|  0%| F|  |TAMS 0x0000000087700000, 0x0000000087700000| Untracked 
|  90|0x0000000087800000, 0x0000000087800000, 0x0000000087900000|  0%| F|  |TAMS 0x0000000087800000, 0x0000000087800000| Untracked 
|  91|0x0000000087900000, 0x0000000087900000, 0x0000000087a00000|  0%| F|  |TAMS 0x0000000087900000, 0x0000000087900000| Untracked 
|  92|0x0000000087a00000, 0x0000000087a00000, 0x0000000087b00000|  0%| F|  |TAMS 0x0000000087a00000, 0x0000000087a00000| Untracked 
|  93|0x0000000087b00000, 0x0000000087b00000, 0x0000000087c00000|  0%| F|  |TAMS 0x0000000087b00000, 0x0000000087b00000| Untracked 
|  94|0x0000000087c00000, 0x0000000087c00000, 0x0000000087d00000|  0%| F|  |TAMS 0x0000000087c00000, 0x0000000087c00000| Untracked 
|  95|0x0000000087d00000, 0x0000000087d00000, 0x0000000087e00000|  0%| F|  |TAMS 0x0000000087d00000, 0x0000000087d00000| Untracked 
|  96|0x0000000087e00000, 0x0000000087e00000, 0x0000000087f00000|  0%| F|  |TAMS 0x0000000087e00000, 0x0000000087e00000| Untracked 
|  97|0x0000000087f00000, 0x0000000087f00000, 0x0000000088000000|  0%| F|  |TAMS 0x0000000087f00000, 0x0000000087f00000| Untracked 
|  98|0x0000000088000000, 0x0000000088000000, 0x0000000088100000|  0%| F|  |TAMS 0x0000000088000000, 0x0000000088000000| Untracked 
|  99|0x0000000088100000, 0x0000000088100000, 0x0000000088200000|  0%| F|  |TAMS 0x0000000088100000, 0x0000000088100000| Untracked 
| 100|0x0000000088200000, 0x0000000088200000, 0x0000000088300000|  0%| F|  |TAMS 0x0000000088200000, 0x0000000088200000| Untracked 
| 101|0x0000000088300000, 0x0000000088300000, 0x0000000088400000|  0%| F|  |TAMS 0x0000000088300000, 0x0000000088300000| Untracked 
| 102|0x0000000088400000, 0x0000000088400000, 0x0000000088500000|  0%| F|  |TAMS 0x0000000088400000, 0x0000000088400000| Untracked 
| 103|0x0000000088500000, 0x0000000088500000, 0x0000000088600000|  0%| F|  |TAMS 0x0000000088500000, 0x0000000088500000| Untracked 
| 104|0x0000000088600000, 0x0000000088600000, 0x0000000088700000|  0%| F|  |TAMS 0x0000000088600000, 0x0000000088600000| Untracked 
| 105|0x0000000088700000, 0x0000000088700000, 0x0000000088800000|  0%| F|  |TAMS 0x0000000088700000, 0x0000000088700000| Untracked 
| 106|0x0000000088800000, 0x0000000088800000, 0x0000000088900000|  0%| F|  |TAMS 0x0000000088800000, 0x0000000088800000| Untracked 
| 107|0x0000000088900000, 0x0000000088900000, 0x0000000088a00000|  0%| F|  |TAMS 0x0000000088900000, 0x0000000088900000| Untracked 
| 108|0x0000000088a00000, 0x0000000088a00000, 0x0000000088b00000|  0%| F|  |TAMS 0x0000000088a00000, 0x0000000088a00000| Untracked 
| 109|0x0000000088b00000, 0x0000000088b00000, 0x0000000088c00000|  0%| F|  |TAMS 0x0000000088b00000, 0x0000000088b00000| Untracked 
| 110|0x0000000088c00000, 0x0000000088c00000, 0x0000000088d00000|  0%| F|  |TAMS 0x0000000088c00000, 0x0000000088c00000| Untracked 
| 111|0x0000000088d00000, 0x0000000088d00000, 0x0000000088e00000|  0%| F|  |TAMS 0x0000000088d00000, 0x0000000088d00000| Untracked 
| 112|0x0000000088e00000, 0x0000000088e69210, 0x0000000088f00000| 41%| E|  |TAMS 0x0000000088e00000, 0x0000000088e00000| Complete 
| 113|0x0000000088f00000, 0x0000000089000000, 0x0000000089000000|100%| E|CS|TAMS 0x0000000088f00000, 0x0000000088f00000| Complete 
| 114|0x0000000089000000, 0x0000000089100000, 0x0000000089100000|100%| E|CS|TAMS 0x0000000089000000, 0x0000000089000000| Complete 
| 115|0x0000000089100000, 0x0000000089200000, 0x0000000089200000|100%| E|CS|TAMS 0x0000000089100000, 0x0000000089100000| Complete 
| 116|0x0000000089200000, 0x0000000089300000, 0x0000000089300000|100%| E|CS|TAMS 0x0000000089200000, 0x0000000089200000| Complete 
| 117|0x0000000089300000, 0x0000000089400000, 0x0000000089400000|100%| E|CS|TAMS 0x0000000089300000, 0x0000000089300000| Complete 
| 118|0x0000000089400000, 0x0000000089500000, 0x0000000089500000|100%| E|CS|TAMS 0x0000000089400000, 0x0000000089400000| Complete 
| 119|0x0000000089500000, 0x00000000895c64a0, 0x0000000089600000| 77%| S|CS|TAMS 0x0000000089500000, 0x0000000089500000| Complete 
| 120|0x0000000089600000, 0x0000000089700000, 0x0000000089700000|100%| E|CS|TAMS 0x0000000089600000, 0x0000000089600000| Complete 
| 121|0x0000000089700000, 0x0000000089800000, 0x0000000089800000|100%| E|CS|TAMS 0x0000000089700000, 0x0000000089700000| Complete 
| 122|0x0000000089800000, 0x0000000089900000, 0x0000000089900000|100%| E|CS|TAMS 0x0000000089800000, 0x0000000089800000| Complete 
| 123|0x0000000089900000, 0x0000000089a00000, 0x0000000089a00000|100%| E|CS|TAMS 0x0000000089900000, 0x0000000089900000| Complete 
| 124|0x0000000089a00000, 0x0000000089b00000, 0x0000000089b00000|100%| E|CS|TAMS 0x0000000089a00000, 0x0000000089a00000| Complete 
| 125|0x0000000089b00000, 0x0000000089c00000, 0x0000000089c00000|100%| E|CS|TAMS 0x0000000089b00000, 0x0000000089b00000| Complete 
| 126|0x0000000089c00000, 0x0000000089d00000, 0x0000000089d00000|100%| E|CS|TAMS 0x0000000089c00000, 0x0000000089c00000| Complete 
| 127|0x0000000089d00000, 0x0000000089e00000, 0x0000000089e00000|100%| E|CS|TAMS 0x0000000089d00000, 0x0000000089d00000| Complete 

Card table byte_map: [0x0000026a2e860000,0x0000026a2ec60000] _byte_map_base: 0x0000026a2e451000

Marking Bits (Prev, Next): (CMBitMap*) 0x0000026a15e48fb0, (CMBitMap*) 0x0000026a15e48ff0
 Prev Bits: [0x0000026a2f060000, 0x0000026a30fe8000)
 Next Bits: [0x0000026a30ff0000, 0x0000026a32f78000)

Polling page: 0x0000026a15c80000

Metaspace:

Usage:
  Non-class:     10.42 MB used.
      Class:      1.39 MB used.
       Both:     11.81 MB used.

Virtual space:
  Non-class space:       64.00 MB reserved,      10.50 MB ( 16%) committed,  1 nodes.
      Class space:        1.00 GB reserved,       1.50 MB ( <1%) committed,  1 nodes.
             Both:        1.06 GB reserved,      12.00 MB (  1%) committed. 

Chunk freelists:
   Non-Class:  5.30 MB
       Class:  14.52 MB
        Both:  19.81 MB

MaxMetaspaceSize: unlimited
CompressedClassSpaceSize: 1.00 GB
Initial GC threshold: 21.00 MB
Current GC threshold: 21.00 MB
CDS: on
MetaspaceReclaimPolicy: balanced
 - commit_granule_bytes: 65536.
 - commit_granule_words: 8192.
 - virtual_space_node_default_size: 8388608.
 - enlarge_chunks_in_place: 1.
 - new_chunks_are_fully_committed: 0.
 - uncommit_free_chunks: 1.
 - use_allocation_guard: 0.
 - handle_deallocations: 1.


Internal statistics:

num_allocs_failed_limit: 0.
num_arena_births: 124.
num_arena_deaths: 0.
num_vsnodes_births: 2.
num_vsnodes_deaths: 0.
num_space_committed: 192.
num_space_uncommitted: 0.
num_chunks_returned_to_freelist: 0.
num_chunks_taken_from_freelist: 367.
num_chunk_merges: 0.
num_chunk_splits: 246.
num_chunks_enlarged: 179.
num_purges: 0.
num_inconsistent_stats: 0.

CodeHeap 'non-profiled nmethods': size=120000Kb used=534Kb max_used=534Kb free=119465Kb
 bounds [0x0000026a26910000, 0x0000026a26b80000, 0x0000026a2de40000]
CodeHeap 'profiled nmethods': size=120000Kb used=3002Kb max_used=3002Kb free=116997Kb
 bounds [0x0000026a1ee40000, 0x0000026a1f130000, 0x0000026a26370000]
CodeHeap 'non-nmethods': size=5760Kb used=1223Kb max_used=1236Kb free=4536Kb
 bounds [0x0000026a26370000, 0x0000026a265e0000, 0x0000026a26910000]
 total_blobs=2040 nmethods=1513 adapters=440
 compilation: enabled
              stopped_count=0, restarted_count=0
 full_count=0

Compilation events (20 events):
Event: 13.889 Thread 0x0000026a355eafb0 1504       1       java.lang.reflect.Field::getName (5 bytes)
Event: 13.889 Thread 0x0000026a355eafb0 nmethod 1504 0x0000026a26994990 code [0x0000026a26994b20, 0x0000026a26994bf8]
Event: 13.890 Thread 0x0000026a355eafb0 1505       1       sun.nio.fs.WindowsPath::toString (5 bytes)
Event: 13.890 Thread 0x0000026a355eafb0 nmethod 1505 0x0000026a26994c90 code [0x0000026a26994e20, 0x0000026a26994ef8]
Event: 14.046 Thread 0x0000026a355eafb0 1506       3       java.util.regex.Pattern$Ques::match (196 bytes)
Event: 14.047 Thread 0x0000026a355eafb0 nmethod 1506 0x0000026a1f12bc10 code [0x0000026a1f12bea0, 0x0000026a1f12cc58]
Event: 14.049 Thread 0x0000026a355eafb0 1507       3       jdk.internal.misc.Unsafe::weakCompareAndSetInt (11 bytes)
Event: 14.049 Thread 0x0000026a355eafb0 nmethod 1507 0x0000026a1f12d010 code [0x0000026a1f12d1a0, 0x0000026a1f12d2d8]
Event: 14.049 Thread 0x0000026a355eafb0 1508       3       jdk.internal.misc.Unsafe::getAndAddInt (27 bytes)
Event: 14.050 Thread 0x0000026a355eafb0 nmethod 1508 0x0000026a1f12d390 code [0x0000026a1f12d540, 0x0000026a1f12d788]
Event: 14.050 Thread 0x0000026a3558aed0 1509       4       java.lang.String::replace (42 bytes)
Event: 14.070 Thread 0x0000026a355eafb0 1510       3       java.util.Objects::toString (13 bytes)
Event: 14.070 Thread 0x0000026a355eafb0 nmethod 1510 0x0000026a1f12d890 code [0x0000026a1f12da40, 0x0000026a1f12dc68]
Event: 14.075 Thread 0x0000026a3558aed0 nmethod 1509 0x0000026a26994f90 code [0x0000026a26995120, 0x0000026a26995798]
Event: 14.095 Thread 0x0000026a355eafb0 1511       3       java.util.zip.ZipUtils::CENATX_PERMS (9 bytes)
Event: 14.095 Thread 0x0000026a355eafb0 nmethod 1511 0x0000026a1f12dd10 code [0x0000026a1f12dea0, 0x0000026a1f12e058]
Event: 14.099 Thread 0x0000026a355eafb0 1512       3       java.util.regex.Matcher::groupCount (10 bytes)
Event: 14.099 Thread 0x0000026a355eafb0 nmethod 1512 0x0000026a1f12e190 code [0x0000026a1f12e320, 0x0000026a1f12e438]
Event: 14.099 Thread 0x0000026a355eafb0 1513       3       java.util.regex.Matcher::getSubSequence (12 bytes)
Event: 14.099 Thread 0x0000026a355eafb0 nmethod 1513 0x0000026a1f12e510 code [0x0000026a1f12e6c0, 0x0000026a1f12e888]

GC Heap History (4 events):
Event: 4.077 GC heap before
{Heap before GC invocations=0 (full 0):
 garbage-first heap   total 131072K, used 16384K [0x0000000081e00000, 0x0000000100000000)
  region size 1024K, 13 young (13312K), 0 survivors (0K)
 Metaspace       used 1856K, committed 1984K, reserved 1114112K
  class space    used 195K, committed 256K, reserved 1048576K
}
Event: 4.109 GC heap after
{Heap after GC invocations=1 (full 0):
 garbage-first heap   total 131072K, used 10642K [0x0000000081e00000, 0x0000000100000000)
  region size 1024K, 2 young (2048K), 2 survivors (2048K)
 Metaspace       used 1856K, committed 1984K, reserved 1114112K
  class space    used 195K, committed 256K, reserved 1048576K
}
Event: 10.708 GC heap before
{Heap before GC invocations=1 (full 0):
 garbage-first heap   total 131072K, used 18834K [0x0000000081e00000, 0x0000000100000000)
  region size 1024K, 10 young (10240K), 2 survivors (2048K)
 Metaspace       used 5349K, committed 5568K, reserved 1114112K
  class space    used 647K, committed 768K, reserved 1048576K
}
Event: 10.723 GC heap after
{Heap after GC invocations=2 (full 0):
 garbage-first heap   total 131072K, used 11808K [0x0000000081e00000, 0x0000000100000000)
  region size 1024K, 1 young (1024K), 1 survivors (1024K)
 Metaspace       used 5349K, committed 5568K, reserved 1114112K
  class space    used 647K, committed 768K, reserved 1048576K
}

Deoptimization events (20 events):
Event: 11.554 Thread 0x0000026a15debcf0 DEOPT PACKING pc=0x0000026a26966e54 sp=0x000000fc848fbfe0
Event: 11.554 Thread 0x0000026a15debcf0 DEOPT UNPACKING pc=0x0000026a263c23a3 sp=0x000000fc848fbee8 mode 2
Event: 11.554 Thread 0x0000026a15debcf0 Uncommon trap: trap_request=0xffffffde fr.pc=0x0000026a2695a24c relative=0x000000000000028c
Event: 11.554 Thread 0x0000026a15debcf0 Uncommon trap: reason=class_check action=maybe_recompile pc=0x0000026a2695a24c method=java.util.HashMap.getNode(Ljava/lang/Object;)Ljava/util/HashMap$Node; @ 128 c2
Event: 11.554 Thread 0x0000026a15debcf0 DEOPT PACKING pc=0x0000026a2695a24c sp=0x000000fc848fbf70
Event: 11.554 Thread 0x0000026a15debcf0 DEOPT UNPACKING pc=0x0000026a263c23a3 sp=0x000000fc848fbee8 mode 2
Event: 12.108 Thread 0x0000026a15debcf0 DEOPT PACKING pc=0x0000026a1f0db8be sp=0x000000fc848fd5a0
Event: 12.108 Thread 0x0000026a15debcf0 DEOPT UNPACKING pc=0x0000026a263c2b43 sp=0x000000fc848fca20 mode 0
Event: 12.111 Thread 0x0000026a15debcf0 DEOPT PACKING pc=0x0000026a1f0db8be sp=0x000000fc848fd5a0
Event: 12.111 Thread 0x0000026a15debcf0 DEOPT UNPACKING pc=0x0000026a263c2b43 sp=0x000000fc848fca20 mode 0
Event: 12.112 Thread 0x0000026a15debcf0 DEOPT PACKING pc=0x0000026a1f0db8be sp=0x000000fc848fd5a0
Event: 12.112 Thread 0x0000026a15debcf0 DEOPT UNPACKING pc=0x0000026a263c2b43 sp=0x000000fc848fca20 mode 0
Event: 12.455 Thread 0x0000026a15debcf0 Uncommon trap: trap_request=0xffffff45 fr.pc=0x0000026a26982494 relative=0x0000000000000214
Event: 12.455 Thread 0x0000026a15debcf0 Uncommon trap: reason=unstable_if action=reinterpret pc=0x0000026a26982494 method=java.util.HashMap.putVal(ILjava/lang/Object;Ljava/lang/Object;ZZ)Ljava/lang/Object; @ 162 c2
Event: 12.455 Thread 0x0000026a15debcf0 DEOPT PACKING pc=0x0000026a26982494 sp=0x000000fc848faa50
Event: 12.455 Thread 0x0000026a15debcf0 DEOPT UNPACKING pc=0x0000026a263c23a3 sp=0x000000fc848fa988 mode 2
Event: 12.794 Thread 0x0000026a15debcf0 Uncommon trap: trap_request=0xffffff45 fr.pc=0x0000026a2697fec8 relative=0x00000000000001c8
Event: 12.794 Thread 0x0000026a15debcf0 Uncommon trap: reason=unstable_if action=reinterpret pc=0x0000026a2697fec8 method=java.util.HashMap.putVal(ILjava/lang/Object;Ljava/lang/Object;ZZ)Ljava/lang/Object; @ 162 c2
Event: 12.794 Thread 0x0000026a15debcf0 DEOPT PACKING pc=0x0000026a2697fec8 sp=0x000000fc848faf20
Event: 12.794 Thread 0x0000026a15debcf0 DEOPT UNPACKING pc=0x0000026a263c23a3 sp=0x000000fc848faeb0 mode 2

Classes unloaded (0 events):
No events

Classes redefined (0 events):
No events

Internal exceptions (20 events):
Event: 9.641 Thread 0x0000026a15debcf0 Exception <a 'java/lang/NoSuchMethodError'{0x0000000089cfe318}: 'int java.lang.invoke.DirectMethodHandle$Holder.invokeVirtual(java.lang.Object, java.lang.Object)'> (0x0000000089cfe318) 
thrown [s\open\src\hotspot\share\interpreter\linkResolver.cpp, line 759]
Event: 9.643 Thread 0x0000026a15debcf0 Exception <a 'java/lang/NoSuchMethodError'{0x0000000089b04be8}: 'double java.lang.invoke.DirectMethodHandle$Holder.invokeVirtual(java.lang.Object, java.lang.Object)'> (0x0000000089b04be8) 
thrown [s\open\src\hotspot\share\interpreter\linkResolver.cpp, line 759]
Event: 9.644 Thread 0x0000026a15debcf0 Exception <a 'java/lang/NoSuchMethodError'{0x0000000089b0b210}: 'float java.lang.invoke.DirectMethodHandle$Holder.invokeVirtual(java.lang.Object, java.lang.Object)'> (0x0000000089b0b210) 
thrown [s\open\src\hotspot\share\interpreter\linkResolver.cpp, line 759]
Event: 9.646 Thread 0x0000026a15debcf0 Exception <a 'java/lang/NoSuchMethodError'{0x0000000089b14160}: 'long java.lang.invoke.DirectMethodHandle$Holder.invokeVirtual(java.lang.Object, java.lang.Object)'> (0x0000000089b14160) 
thrown [s\open\src\hotspot\share\interpreter\linkResolver.cpp, line 759]
Event: 9.659 Thread 0x0000026a15debcf0 Exception <a 'java/lang/NoSuchMethodError'{0x0000000089b438b0}: 'void java.lang.invoke.DirectMethodHandle$Holder.invokeStatic(java.lang.Object, java.lang.Object, java.lang.Object)'> (0x0000000089b438b0) 
thrown [s\open\src\hotspot\share\interpreter\linkResolver.cpp, line 759]
Event: 9.660 Thread 0x0000026a15debcf0 Exception <a 'java/lang/NoSuchMethodError'{0x0000000089b49c38}: 'java.lang.Object java.lang.invoke.DirectMethodHandle$Holder.invokeVirtual(java.lang.Object, java.lang.Object, java.lang.Object)'> (0x0000000089b49c38) 
thrown [s\open\src\hotspot\share\interpreter\linkResolver.cpp, line 759]
Event: 9.905 Thread 0x0000026a15debcf0 Exception <a 'java/lang/NoSuchMethodError'{0x0000000089bdd2c0}: 'void java.lang.invoke.DirectMethodHandle$Holder.invokeStatic(java.lang.Object, java.lang.Object, java.lang.Object, java.lang.Object)'> (0x0000000089bdd2c0) 
thrown [s\open\src\hotspot\share\interpreter\linkResolver.cpp, line 759]
Event: 10.185 Thread 0x0000026a15debcf0 Exception <a 'java/lang/NoClassDefFoundError'{0x0000000089773400}> (0x0000000089773400) 
thrown [s\open\src\hotspot\share\oops\instanceKlass.cpp, line 1216]
Event: 10.530 Thread 0x0000026a15debcf0 Exception <a 'java/lang/NoSuchMethodError'{0x000000008967f1b0}: 'java.lang.Object java.lang.invoke.DirectMethodHandle$Holder.invokeStatic(java.lang.Object, java.lang.Object, int)'> (0x000000008967f1b0) 
thrown [s\open\src\hotspot\share\interpreter\linkResolver.cpp, line 759]
Event: 10.533 Thread 0x0000026a15debcf0 Exception <a 'java/lang/NoSuchMethodError'{0x000000008968ae28}: 'void java.lang.invoke.DelegatingMethodHandle$Holder.delegate(java.lang.Object, java.lang.Object, int, java.lang.Object)'> (0x000000008968ae28) 
thrown [s\open\src\hotspot\share\interpreter\linkResolver.cpp, line 759]
Event: 10.534 Thread 0x0000026a15debcf0 Exception <a 'java/lang/NoSuchMethodError'{0x000000008968ee60}: 'int java.lang.invoke.DirectMethodHandle$Holder.invokeSpecial(java.lang.Object, java.lang.Object, java.lang.Object)'> (0x000000008968ee60) 
thrown [s\open\src\hotspot\share\interpreter\linkResolver.cpp, line 759]
Event: 10.540 Thread 0x0000026a15debcf0 Exception <a 'java/lang/NoSuchMethodError'{0x00000000896aa200}: 'java.lang.Object java.lang.invoke.Invokers$Holder.invokeExact_MT(java.lang.Object, java.lang.Object, java.lang.Object, java.lang.Object)'> (0x00000000896aa200) 
thrown [s\open\src\hotspot\share\interpreter\linkResolver.cpp, line 759]
Event: 10.541 Thread 0x0000026a15debcf0 Exception <a 'java/lang/NoSuchMethodError'{0x00000000896ae220}: 'java.lang.Object java.lang.invoke.Invokers$Holder.invokeExact_MT(java.lang.Object, java.lang.Object, java.lang.Object)'> (0x00000000896ae220) 
thrown [s\open\src\hotspot\share\interpreter\linkResolver.cpp, line 759]
Event: 10.672 Thread 0x0000026a15debcf0 Exception <a 'java/lang/NoSuchMethodError'{0x00000000896b9220}: 'java.lang.Object java.lang.invoke.DirectMethodHandle$Holder.newInvokeSpecial(java.lang.Object, int, java.lang.Object)'> (0x00000000896b9220) 
thrown [s\open\src\hotspot\share\interpreter\linkResolver.cpp, line 759]
Event: 10.692 Thread 0x0000026a15debcf0 Exception <a 'java/lang/NoSuchMethodError'{0x00000000896e75a0}: 'java.lang.Object java.lang.invoke.DirectMethodHandle$Holder.invokeInterface(java.lang.Object, java.lang.Object)'> (0x00000000896e75a0) 
thrown [s\open\src\hotspot\share\interpreter\linkResolver.cpp, line 759]
Event: 10.693 Thread 0x0000026a15debcf0 Exception <a 'java/lang/IncompatibleClassChangeError'{0x00000000896ead98}: Found class java.lang.Object, but interface was expected> (0x00000000896ead98) 
thrown [s\open\src\hotspot\share\interpreter\linkResolver.cpp, line 826]
Event: 10.732 Thread 0x0000026a15debcf0 Exception <a 'java/lang/NoSuchMethodError'{0x0000000089d010b0}: 'void java.lang.invoke.DirectMethodHandle$Holder.invokeSpecial(java.lang.Object, java.lang.Object, java.lang.Object, java.lang.Object, java.lang.Object)'> (0x0000000089d010b0) 
thrown [s\open\src\hotspot\share\interpreter\linkResolver.cpp, line 759]
Event: 11.621 Thread 0x0000026a15debcf0 Exception <a 'sun/nio/fs/WindowsException'{0x0000000089703348}> (0x0000000089703348) 
thrown [s\open\src\hotspot\share\prims\jni.cpp, line 516]
Event: 11.667 Thread 0x0000026a15debcf0 Exception <a 'java/lang/NoSuchMethodError'{0x0000000089724998}: 'int java.lang.invoke.DirectMethodHandle$Holder.invokeStaticInit(java.lang.Object, java.lang.Object, java.lang.Object, java.lang.Object)'> (0x0000000089724998) 
thrown [s\open\src\hotspot\share\interpreter\linkResolver.cpp, line 759]
Event: 11.676 Thread 0x0000026a15debcf0 Exception <a 'java/lang/IncompatibleClassChangeError'{0x000000008972db40}: Found class java.lang.Object, but interface was expected> (0x000000008972db40) 
thrown [s\open\src\hotspot\share\interpreter\linkResolver.cpp, line 826]

VM Operations (20 events):
Event: 10.138 Executing VM operation: HandshakeAllThreads
Event: 10.138 Executing VM operation: HandshakeAllThreads done
Event: 10.138 Executing VM operation: Cleanup
Event: 10.138 Executing VM operation: Cleanup done
Event: 10.165 Executing VM operation: HandshakeAllThreads
Event: 10.165 Executing VM operation: HandshakeAllThreads done
Event: 10.529 Executing VM operation: HandshakeAllThreads
Event: 10.529 Executing VM operation: HandshakeAllThreads done
Event: 10.708 Executing VM operation: G1CollectForAllocation
Event: 10.725 Executing VM operation: G1CollectForAllocation done
Event: 11.109 Executing VM operation: HandshakeAllThreads
Event: 11.110 Executing VM operation: HandshakeAllThreads done
Event: 11.536 Executing VM operation: HandshakeAllThreads
Event: 11.537 Executing VM operation: HandshakeAllThreads done
Event: 12.545 Executing VM operation: Cleanup
Event: 12.782 Executing VM operation: Cleanup done
Event: 13.217 Executing VM operation: HandshakeAllThreads
Event: 13.217 Executing VM operation: HandshakeAllThreads done
Event: 13.256 Executing VM operation: HandshakeAllThreads
Event: 13.256 Executing VM operation: HandshakeAllThreads done

Events (20 events):
Event: 13.260 loading class java/nio/channels/spi/AbstractInterruptibleChannel$1
Event: 13.260 loading class sun/nio/ch/Interruptible
Event: 13.260 loading class sun/nio/ch/Interruptible done
Event: 13.260 loading class java/nio/channels/spi/AbstractInterruptibleChannel$1 done
Event: 13.269 loading class java/nio/BufferMismatch
Event: 13.276 loading class java/nio/BufferMismatch done
Event: 13.276 loading class sun/nio/ch/SourceChannelImpl
Event: 13.288 loading class java/nio/channels/Pipe$SourceChannel
Event: 13.288 loading class java/nio/channels/Pipe$SourceChannel done
Event: 13.288 loading class sun/nio/ch/SourceChannelImpl done
Event: 13.290 loading class sun/nio/ch/SinkChannelImpl
Event: 13.293 loading class java/nio/channels/Pipe$SinkChannel
Event: 13.293 loading class java/nio/channels/Pipe$SinkChannel done
Event: 13.293 loading class sun/nio/ch/SinkChannelImpl done
Event: 13.463 loading class java/nio/channels/SelectionKey
Event: 13.463 loading class java/nio/channels/SelectionKey done
Event: 14.059 loading class java/nio/charset/CharacterCodingException
Event: 14.059 loading class java/nio/charset/CharacterCodingException done
Event: 14.100 loading class java/nio/ReadOnlyBufferException
Event: 14.101 loading class java/nio/ReadOnlyBufferException done


Dynamic libraries:
0x00007ff65dcd0000 - 0x00007ff65dce0000 	C:\Program Files\Java\jdk-17\bin\javaw.exe
0x00007fff18cd0000 - 0x00007fff18ec8000 	C:\Windows\SYSTEM32\ntdll.dll
0x00007fff175a0000 - 0x00007fff1765f000 	C:\Windows\System32\KERNEL32.DLL
0x00007fff16a30000 - 0x00007fff16d26000 	C:\Windows\System32\KERNELBASE.dll
0x00007fff16890000 - 0x00007fff16990000 	C:\Windows\System32\ucrtbase.dll
0x00007fff118d0000 - 0x00007fff118e9000 	C:\Program Files\Java\jdk-17\bin\jli.dll
0x00007fff0fa70000 - 0x00007fff0fa8b000 	C:\Program Files\Java\jdk-17\bin\VCRUNTIME140.dll
0x00007fff17840000 - 0x00007fff178ef000 	C:\Windows\System32\ADVAPI32.dll
0x00007fff17df0000 - 0x00007fff17e8e000 	C:\Windows\System32\msvcrt.dll
0x00007fff18440000 - 0x00007fff184dc000 	C:\Windows\System32\sechost.dll
0x00007fff17390000 - 0x00007fff174b6000 	C:\Windows\System32\RPCRT4.dll
0x00007fff176a0000 - 0x00007fff1783d000 	C:\Windows\System32\USER32.dll
0x00007fff16990000 - 0x00007fff169b2000 	C:\Windows\System32\win32u.dll
0x00007fff17fc0000 - 0x00007fff17fec000 	C:\Windows\System32\GDI32.dll
0x00007fff16440000 - 0x00007fff16555000 	C:\Windows\System32\gdi32full.dll
0x00007fff166c0000 - 0x00007fff1675d000 	C:\Windows\System32\msvcp_win.dll
0x00007fff09430000 - 0x00007fff096ca000 	C:\Windows\WinSxS\amd64_microsoft.windows.common-controls_6595b64144ccf1df_6.0.19041.1110_none_60b5254171f9507e\COMCTL32.dll
0x00007fff0f9a0000 - 0x00007fff0f9aa000 	C:\Windows\SYSTEM32\VERSION.dll
0x00007fff17660000 - 0x00007fff17690000 	C:\Windows\System32\IMM32.DLL
0x00007fff11910000 - 0x00007fff1191c000 	C:\Program Files\Java\jdk-17\bin\vcruntime140_1.dll
0x00007ffefbe50000 - 0x00007ffefbede000 	C:\Program Files\Java\jdk-17\bin\msvcp140.dll
0x00007ffee54e0000 - 0x00007ffee60be000 	C:\Program Files\Java\jdk-17\bin\server\jvm.dll
0x00007fff171a0000 - 0x00007fff171a8000 	C:\Windows\System32\PSAPI.DLL
0x00007fff00890000 - 0x00007fff00899000 	C:\Windows\SYSTEM32\WSOCK32.dll
0x00007fff17f50000 - 0x00007fff17fbb000 	C:\Windows\System32\WS2_32.dll
0x00007fff0b820000 - 0x00007fff0b847000 	C:\Windows\SYSTEM32\WINMM.dll
0x00007fff14260000 - 0x00007fff14272000 	C:\Windows\SYSTEM32\kernel.appcore.dll
0x00007fff118c0000 - 0x00007fff118ca000 	C:\Program Files\Java\jdk-17\bin\jimage.dll
0x00007fff07110000 - 0x00007fff072f4000 	C:\Windows\SYSTEM32\DBGHELP.DLL
0x00007fff07040000 - 0x00007fff07074000 	C:\Windows\SYSTEM32\dbgcore.DLL
0x00007fff163b0000 - 0x00007fff16432000 	C:\Windows\System32\bcryptPrimitives.dll
0x00007fff092d0000 - 0x00007fff092f5000 	C:\Program Files\Java\jdk-17\bin\java.dll
0x00007ffef9da0000 - 0x00007ffef9e77000 	C:\Program Files\Java\jdk-17\bin\jsvml.dll
0x00007fff18540000 - 0x00007fff18c84000 	C:\Windows\System32\SHELL32.dll
0x00007fff14410000 - 0x00007fff14ba3000 	C:\Windows\SYSTEM32\windows.storage.dll
0x00007fff178f0000 - 0x00007fff17c44000 	C:\Windows\System32\combase.dll
0x00007fff15d20000 - 0x00007fff15d4e000 	C:\Windows\SYSTEM32\Wldp.dll
0x00007fff171b0000 - 0x00007fff1725d000 	C:\Windows\System32\SHCORE.dll
0x00007fff17d90000 - 0x00007fff17de5000 	C:\Windows\System32\shlwapi.dll
0x00007fff162e0000 - 0x00007fff16305000 	C:\Windows\SYSTEM32\profapi.dll
0x00007fff097b0000 - 0x00007fff097c9000 	C:\Program Files\Java\jdk-17\bin\net.dll
0x00007fff0f830000 - 0x00007fff0f93a000 	C:\Windows\SYSTEM32\WINHTTP.dll
0x00007fff15a80000 - 0x00007fff15aea000 	C:\Windows\system32\mswsock.dll
0x00007fff09120000 - 0x00007fff09136000 	C:\Program Files\Java\jdk-17\bin\nio.dll
0x00007fff06db0000 - 0x00007fff06dc8000 	C:\Program Files\Java\jdk-17\bin\zip.dll
0x00007fff157b0000 - 0x00007fff1587a000 	C:\Windows\SYSTEM32\DNSAPI.dll
0x00007fff15770000 - 0x00007fff157ab000 	C:\Windows\SYSTEM32\IPHLPAPI.DLL
0x00007fff17d80000 - 0x00007fff17d88000 	C:\Windows\System32\NSI.dll
0x00007fff09100000 - 0x00007fff0910a000 	C:\Windows\System32\rasadhlp.dll
0x00007fff097d0000 - 0x00007fff09852000 	C:\Windows\System32\fwpuclnt.dll
0x00007fff16860000 - 0x00007fff16887000 	C:\Windows\System32\bcrypt.dll
0x00007fff15c70000 - 0x00007fff15c88000 	C:\Windows\SYSTEM32\CRYPTSP.dll
0x00007fff15390000 - 0x00007fff153c4000 	C:\Windows\system32\rsaenh.dll
0x00007fff16260000 - 0x00007fff1628e000 	C:\Windows\SYSTEM32\USERENV.dll
0x00007fff15c90000 - 0x00007fff15c9c000 	C:\Windows\SYSTEM32\CRYPTBASE.dll
0x00007fff0fed0000 - 0x00007fff0fee7000 	C:\Windows\SYSTEM32\dhcpcsvc6.DLL
0x00007fff102d0000 - 0x00007fff102ed000 	C:\Windows\SYSTEM32\dhcpcsvc.DLL
0x00007fff10c40000 - 0x00007fff10c50000 	C:\Program Files\Java\jdk-17\bin\verify.dll
0x00007fff135d0000 - 0x00007fff13661000 	C:\Windows\system32\apphelp.dll
0x00007fff07430000 - 0x00007fff0743a000 	C:\Program Files\Java\jdk-17\bin\management.dll
0x00007fff067d0000 - 0x00007fff067db000 	C:\Program Files\Java\jdk-17\bin\management_ext.dll
0x00007fff0cac0000 - 0x00007fff0cace000 	C:\Program Files\Java\jdk-17\bin\sunmscapi.dll
0x00007fff16560000 - 0x00007fff166be000 	C:\Windows\System32\CRYPT32.dll
0x00007fff15d90000 - 0x00007fff15db8000 	C:\Windows\SYSTEM32\ncrypt.dll
0x00007fff15d50000 - 0x00007fff15d8b000 	C:\Windows\SYSTEM32\NTASN1.dll
0x00007fff06730000 - 0x00007fff06737000 	C:\Windows\system32\wshunix.dll

dbghelp: loaded successfully - version: 4.0.5 - missing functions: none
symbol engine: initialized successfully - sym options: 0x614 - pdb path: .;C:\Program Files\Java\jdk-17\bin;C:\Windows\SYSTEM32;C:\Windows\WinSxS\amd64_microsoft.windows.common-controls_6595b64144ccf1df_6.0.19041.1110_none_60b5254171f9507e;C:\Program Files\Java\jdk-17\bin\server

VM Arguments:
jvm_args: -Dfile.encoding=UTF-8 -XX:+ShowCodeDetailsInExceptionMessages 
java_command: selenium_use.Setsize
java_class_path (initial): C:\Users\admin\eclipse-workspace\Vaishnavi\bin;C:\Users\admin\Desktop\selenium_Study\async-http-client-2.12.3.jar;C:\Users\admin\Desktop\selenium_Study\async-http-client-netty-utils-2.12.3.jar;C:\Users\admin\Desktop\selenium_Study\auto-service-annotations-1.1.1.jar;C:\Users\admin\Desktop\selenium_Study\byte-buddy-1.14.5.jar;C:\Users\admin\Desktop\selenium_Study\checker-qual-3.33.0.jar;C:\Users\admin\Desktop\selenium_Study\commons-exec-1.3.jar;C:\Users\admin\Desktop\selenium_Study\error_prone_annotations-2.18.0.jar;C:\Users\admin\Desktop\selenium_Study\failsafe-3.3.2.jar;C:\Users\admin\Desktop\selenium_Study\failureaccess-1.0.1.jar;C:\Users\admin\Desktop\selenium_Study\guava-32.1.2-jre.jar;C:\Users\admin\Desktop\selenium_Study\j2objc-annotations-2.8.jar;C:\Users\admin\Desktop\selenium_Study\jakarta.activation-1.2.2.jar;C:\Users\admin\Desktop\selenium_Study\jsr305-3.0.2.jar;C:\Users\admin\Desktop\selenium_Study\listenablefuture-9999.0-empty-to-avoid-conflict-with-guava.jar;C:\Users\admin\Desktop\selenium_Study\netty-buffer-4.1.96.Final.jar;C:\Users\admin\Desktop\selenium_Study\netty-codec-4.1.96.Final.jar;C:\Users\admin\Desktop\selenium_Study\netty-codec-http-4.1.96.Final.jar;C:\Users\admin\Desktop\selenium_Study\netty-codec-socks-4.1.96.Final.jar;C:\Users\admin\Desktop\selenium_Study\netty-common-4.1.96.Final.jar;C:\Users\admin\Desktop\selenium_Study\netty-handler-4.1.96.Final.jar;C:\Users\admin\Desktop\selenium_Study\netty-handler-proxy-4.1.96.Final.jar;C:\Users\admin\Desktop\selenium_Study\netty-reactive-streams-2.0.4.jar;C:\Users\admin\Desktop\selenium_Study\netty-resolver-4.1.96.Final.jar;C:\Users\admin\Desktop\selenium_Study\netty-transport-4.1.96.Final.jar;C:\Users\admin\Desktop\selenium_Study\netty-transport-classes-epoll-4.1.96.Final.jar;C:\Users\admin\Desktop\selenium_Study\netty-transport-classes-kqueue-4.1.96.Final.jar;C:\Users\admin\Desktop\selenium_Study\netty-transport-native-epoll-4.1.96.Final.jar;C:\Users\admin\Desktop\sel
Launcher Type: SUN_STANDARD

[Global flags]
     intx CICompilerCount                          = 3                                         {product} {ergonomic}
     uint ConcGCThreads                            = 1                                         {product} {ergonomic}
     uint G1ConcRefinementThreads                  = 4                                         {product} {ergonomic}
   size_t G1HeapRegionSize                         = 1048576                                   {product} {ergonomic}
    uintx GCDrainStackTargetSize                   = 64                                        {product} {ergonomic}
   size_t InitialHeapSize                          = 134217728                                 {product} {ergonomic}
   size_t MarkStackSize                            = 4194304                                   {product} {ergonomic}
   size_t MaxHeapSize                              = 2116026368                                {product} {ergonomic}
   size_t MaxNewSize                               = 1268776960                                {product} {ergonomic}
   size_t MinHeapDeltaBytes                        = 1048576                                   {product} {ergonomic}
   size_t MinHeapSize                              = 8388608                                   {product} {ergonomic}
    uintx NonNMethodCodeHeapSize                   = 5832780                                {pd product} {ergonomic}
    uintx NonProfiledCodeHeapSize                  = 122912730                              {pd product} {ergonomic}
    uintx ProfiledCodeHeapSize                     = 122912730                              {pd product} {ergonomic}
    uintx ReservedCodeCacheSize                    = 251658240                              {pd product} {ergonomic}
     bool SegmentedCodeCache                       = true                                      {product} {ergonomic}
     bool ShowCodeDetailsInExceptionMessages       = true                                   {manageable} {command line}
   size_t SoftMaxHeapSize                          = 2116026368                             {manageable} {ergonomic}
     bool UseCompressedClassPointers               = true                           {product lp64_product} {ergonomic}
     bool UseCompressedOops                        = true                           {product lp64_product} {ergonomic}
     bool UseG1GC                                  = true                                      {product} {ergonomic}
     bool UseLargePagesIndividualAllocation        = false                                  {pd product} {ergonomic}

Logging:
Log output configuration:
 #0: stdout all=warning uptime,level,tags
 #1: stderr all=off uptime,level,tags

Environment Variables:
PATH=C:\Program Files\Common Files\Oracle\Java\javapath;C:\Windows\system32;C:\Windows;C:\Windows\System32\Wbem;C:\Windows\System32\WindowsPowerShell\v1.0\;C:\Windows\System32\OpenSSH\;C:\Program Files (x86)\Microsoft SQL Server\160\Tools\Binn\;C:\Program Files\Microsoft SQL Server\160\Tools\Binn\;C:\Program Files\Microsoft SQL Server\Client SDK\ODBC\170\Tools\Binn\;C:\Program Files\Microsoft SQL Server\160\DTS\Binn\;C:\Program Files (x86)\Microsoft SQL Server\160\DTS\Binn\;C:\Program Files\Azure Data Studio\bin;C:\Program Files\apache-maven-3.9.6\bin;C:\Program Files\apache-maven-3.9.6\bin;C:\Program Files\apache-maven-3.9.6 - Copy\bin;C:\Program Files\Git\cmd;C:\Users\admin\AppData\Local\Microsoft\WindowsApps;;C:\Program Files\Azure Data Studio\bin
USERNAME=admin
OS=Windows_NT
PROCESSOR_IDENTIFIER=Intel64 Family 6 Model 61 Stepping 4, GenuineIntel



---------------  S Y S T E M  ---------------

OS:
 Windows 10 , 64 bit Build 19041 (10.0.19041.3155)
OS uptime: 17 days 18:50 hours

CPU: total 4 (initial active 4) (2 cores per cpu, 2 threads per core) family 6 model 61 stepping 4 microcode 0x2d, cx8, cmov, fxsr, ht, mmx, 3dnowpref, sse, sse2, sse3, ssse3, sse4.1, sse4.2, popcnt, lzcnt, tsc, tscinvbit, avx, avx2, aes, erms, clmul, bmi1, bmi2, rtm, adx, fma, vzeroupper, clflush

Memory: 4k page, system-wide physical 8067M (282M free)
TotalPageFile size 12654M (AvailPageFile size 0M)
current process WorkingSet (physical memory assigned to process): 90M, peak: 90M
current process commit charge ("private bytes"): 228M, peak: 228M

vm_info: Java HotSpot(TM) 64-Bit Server VM (17.0.8+9-LTS-211) for windows-amd64 JRE (17.0.8+9-LTS-211), built on Jun 14 2023 10:34:31 by "mach5one" with MS VC++ 17.1 (VS2022)

END.
